<?xml version="1.0" encoding="UTF-8"?>
<robot generator="Robot 7.0 (Python 3.12.2 on win32)" generated="2024-03-26T20:19:13.858525" rpa="false" schemaversion="5">
<suite id="s1" name="Test Setup" source="F:\Automação\swaglabs\swaglabs\teste_case_swaglabs\test_setup\test_setup.robot">
<test id="s1-t1" name="Acessar o site &quot;Swag Labs&quot;" line="13">
<kw name="Acessar o site &quot;Swag Labs&quot;" owner="resource_test_setup">
<kw name="Open Browser" owner="SeleniumLibrary">
<msg time="2024-03-26T20:19:14.041567" level="INFO">Opening browser 'chrome' to base url 'https://www.saucedemo.com/'.</msg>
<arg>url=${VARIABLES_TEST_SETUP.URL_SWAGLABS}</arg>
<arg>browser=chrome</arg>
<doc>Opens a new browser instance to the optional ``url``.</doc>
<status status="PASS" start="2024-03-26T20:19:14.039061" elapsed="2.631748"/>
</kw>
<kw name="Maximize Browser Window" owner="SeleniumLibrary">
<doc>Maximizes current browser window.</doc>
<status status="PASS" start="2024-03-26T20:19:16.670809" elapsed="0.114820"/>
</kw>
<kw name="Wait Until Element Is Visible" owner="SeleniumLibrary">
<arg>${VARIABLES_TEST_SETUP.TITULO_PAGINA_SWAGLABS}</arg>
<arg>timeout=10s</arg>
<doc>Waits until the element ``locator`` is visible.</doc>
<status status="PASS" start="2024-03-26T20:19:16.785629" elapsed="0.019953"/>
</kw>
<status status="PASS" start="2024-03-26T20:19:14.039061" elapsed="2.766521"/>
</kw>
<kw name="Inserir no campo &quot;Username&quot; o username do usuario" owner="resource_test_setup">
<kw name="Click Element" owner="SeleniumLibrary">
<msg time="2024-03-26T20:19:16.806579" level="INFO">Clicking element '//input[contains(@id,'user-name')]'.</msg>
<arg>${VARIABLES_TEST_SETUP.CAMPO_USERNAME}</arg>
<doc>Click the element identified by ``locator``.</doc>
<status status="PASS" start="2024-03-26T20:19:16.805582" elapsed="0.040518"/>
</kw>
<kw name="Input Text" owner="SeleniumLibrary">
<msg time="2024-03-26T20:19:16.847097" level="INFO">Typing text 'standard_user' into text field '//input[contains(@id,'user-name')]'.</msg>
<arg>${VARIABLES_TEST_SETUP.CAMPO_USERNAME}</arg>
<arg>${USERNAME}</arg>
<doc>Types the given ``text`` into the text field identified by ``locator``.</doc>
<status status="PASS" start="2024-03-26T20:19:16.846100" elapsed="0.067456"/>
</kw>
<arg>${USERNAME}</arg>
<status status="PASS" start="2024-03-26T20:19:16.805582" elapsed="0.107974"/>
</kw>
<kw name="Inserir no campo &quot;Password&quot; a senha do usuario" owner="resource_test_setup">
<kw name="Click Element" owner="SeleniumLibrary">
<msg time="2024-03-26T20:19:16.915551" level="INFO">Clicking element '//input[contains(@id,'password')]'.</msg>
<arg>${VARIABLES_TEST_SETUP.CAMPO_PASSWORD}</arg>
<doc>Click the element identified by ``locator``.</doc>
<status status="PASS" start="2024-03-26T20:19:16.914554" elapsed="0.042031"/>
</kw>
<kw name="Input Text" owner="SeleniumLibrary">
<msg time="2024-03-26T20:19:16.957585" level="INFO">Typing text 'secret_sauce' into text field '//input[contains(@id,'password')]'.</msg>
<arg>${VARIABLES_TEST_SETUP.CAMPO_PASSWORD}</arg>
<arg>${PASSWORD}</arg>
<doc>Types the given ``text`` into the text field identified by ``locator``.</doc>
<status status="PASS" start="2024-03-26T20:19:16.956585" elapsed="0.059948"/>
</kw>
<arg>${PASSWORD}</arg>
<status status="PASS" start="2024-03-26T20:19:16.913556" elapsed="0.102977"/>
</kw>
<kw name="Clique em login" owner="resource_test_setup">
<kw name="Click Element" owner="SeleniumLibrary">
<msg time="2024-03-26T20:19:17.017634" level="INFO">Clicking element '//input[contains(@id,'login-button')]'.</msg>
<arg>${VARIABLES_TEST_SETUP.BTN_LOGIN}</arg>
<doc>Click the element identified by ``locator``.</doc>
<status status="PASS" start="2024-03-26T20:19:17.017634" elapsed="0.063936"/>
</kw>
<status status="PASS" start="2024-03-26T20:19:17.017634" elapsed="0.064440"/>
</kw>
<kw name="Verificar o login no site &quot;Swag Labs&quot;" owner="resource_test_setup">
<kw name="Wait Until Element Is Visible" owner="SeleniumLibrary">
<arg>${VARIABLES_TEST_SETUP.TITULO_PRODUCTS}</arg>
<arg>timeout=10s</arg>
<doc>Waits until the element ``locator`` is visible.</doc>
<status status="PASS" start="2024-03-26T20:19:17.083074" elapsed="0.021967"/>
</kw>
<kw name="Wait Until Element Is Visible" owner="SeleniumLibrary">
<arg>${VARIABLES_TEST_SETUP.IMAGE_CARRINHO}</arg>
<arg>timeout=10s</arg>
<doc>Waits until the element ``locator`` is visible.</doc>
<status status="PASS" start="2024-03-26T20:19:17.106039" elapsed="0.016993"/>
</kw>
<status status="PASS" start="2024-03-26T20:19:17.082074" elapsed="0.040958"/>
</kw>
<doc>Pré condição:

Usuario  e senha cadastrado</doc>
<tag>regression</tag>
<tag>test_setup</tag>
<timeout value="2 minutes"/>
<status status="PASS" start="2024-03-26T20:19:14.039061" elapsed="3.085479"/>
</test>
<doc>Este caso de teste tem como objetivo de realizar o login no site do Swag Labs</doc>
<meta name="Ambiente">https://www.saucedemo.com/</meta>
<status status="PASS" start="2024-03-26T20:19:13.860517" elapsed="3.265257"/>
</suite>
<statistics>
<total>
<stat pass="1" fail="0" skip="0">All Tests</stat>
</total>
<tag>
<stat pass="1" fail="0" skip="0">regression</stat>
<stat pass="1" fail="0" skip="0">test_setup</stat>
</tag>
<suite>
<stat pass="1" fail="0" skip="0" id="s1" name="Test Setup">Test Setup</stat>
</suite>
</statistics>
<errors>
</errors>
</robot>
